# JRE version: Java(TM) SE Runtime Environment (8.0_91-b14) (build 1.8.0_91-b14)
# Java VM: Java HotSpot(TM) 64-Bit Server VM (25.91-b14 mixed mode linux-amd64 compressed oops)
Heap:
 PSYoungGen      total 68608K, used 23032K [0x00000000d6e00000, 0x00000000db600000, 0x0000000100000000)
  eden space 63488K, 36% used [0x00000000d6e00000,0x00000000d847e2d0,0x00000000dac00000)
  from space 5120K, 0% used [0x00000000db100000,0x00000000db100000,0x00000000db600000)
  to   space 5120K, 0% used [0x00000000dac00000,0x00000000dac00000,0x00000000db100000)
 ParOldGen       total 51200K, used 8984K [0x0000000084a00000, 0x0000000087c00000, 0x00000000d6e00000)
  object space 51200K, 17% used [0x0000000084a00000,0x00000000852c6200,0x0000000087c00000)
 Metaspace       used 28351K, capacity 29632K, committed 29696K, reserved 1075200K
  class space    used 3814K, capacity 4069K, committed 4096K, reserved 1048576K
GC Heap History (6 events):
Event: 2,059 GC heap before
{Heap before GC invocations=1 (full 0):
 PSYoungGen      total 36864K, used 31124K [0x00000000d6e00000, 0x00000000d9700000, 0x0000000100000000)
  eden space 31744K, 98% used [0x00000000d6e00000,0x00000000d8c653a0,0x00000000d8d00000)
  from space 5120K, 0% used [0x00000000d9200000,0x00000000d9200000,0x00000000d9700000)
  to   space 5120K, 0% used [0x00000000d8d00000,0x00000000d8d00000,0x00000000d9200000)
 ParOldGen       total 84992K, used 0K [0x0000000084a00000, 0x0000000089d00000, 0x00000000d6e00000)
  object space 84992K, 0% used [0x0000000084a00000,0x0000000084a00000,0x0000000089d00000)
 Metaspace       used 15156K, capacity 15818K, committed 16000K, reserved 1062912K
  class space    used 2226K, capacity 2389K, committed 2432K, reserved 1048576K
Event: 3,361 GC heap after
Heap after GC invocations=1 (full 0):
 PSYoungGen      total 36864K, used 4898K [0x00000000d6e00000, 0x00000000db600000, 0x0000000100000000)
  eden space 31744K, 0% used [0x00000000d6e00000,0x00000000d6e00000,0x00000000d8d00000)
  from space 5120K, 95% used [0x00000000d8d00000,0x00000000d91c8ac8,0x00000000d9200000)
  to   space 5120K, 0% used [0x00000000db100000,0x00000000db100000,0x00000000db600000)
 ParOldGen       total 84992K, used 80K [0x0000000084a00000, 0x0000000089d00000, 0x00000000d6e00000)
  object space 84992K, 0% used [0x0000000084a00000,0x0000000084a14010,0x0000000089d00000)
 Metaspace       used 15156K, capacity 15818K, committed 16000K, reserved 1062912K
  class space    used 2226K, capacity 2389K, committed 2432K, reserved 1048576K
}
Event: 9,163 GC heap before
{Heap before GC invocations=2 (full 0):
 PSYoungGen      total 36864K, used 20355K [0x00000000d6e00000, 0x00000000db600000, 0x0000000100000000)
  eden space 31744K, 48% used [0x00000000d6e00000,0x00000000d7d18140,0x00000000d8d00000)
  from space 5120K, 95% used [0x00000000d8d00000,0x00000000d91c8ac8,0x00000000d9200000)
  to   space 5120K, 0% used [0x00000000db100000,0x00000000db100000,0x00000000db600000)
 ParOldGen       total 84992K, used 80K [0x0000000084a00000, 0x0000000089d00000, 0x00000000d6e00000)
  object space 84992K, 0% used [0x0000000084a00000,0x0000000084a14010,0x0000000089d00000)
 Metaspace       used 20296K, capacity 21076K, committed 21248K, reserved 1067008K
  class space    used 2743K, capacity 2953K, committed 3072K, reserved 1048576K
Event: 9,240 GC heap after
Heap after GC invocations=2 (full 0):
 PSYoungGen      total 68608K, used 5104K [0x00000000d6e00000, 0x00000000db600000, 0x0000000100000000)
  eden space 63488K, 0% used [0x00000000d6e00000,0x00000000d6e00000,0x00000000dac00000)
  from space 5120K, 99% used [0x00000000db100000,0x00000000db5fc360,0x00000000db600000)
  to   space 5120K, 0% used [0x00000000dac00000,0x00000000dac00000,0x00000000db100000)
 ParOldGen       total 84992K, used 4103K [0x0000000084a00000, 0x0000000089d00000, 0x00000000d6e00000)
  object space 84992K, 4% used [0x0000000084a00000,0x0000000084e01da8,0x0000000089d00000)
 Metaspace       used 20296K, capacity 21076K, committed 21248K, reserved 1067008K
  class space    used 2743K, capacity 2953K, committed 3072K, reserved 1048576K
}
Event: 9,241 GC heap before
{Heap before GC invocations=3 (full 1):
 PSYoungGen      total 68608K, used 5104K [0x00000000d6e00000, 0x00000000db600000, 0x0000000100000000)
  eden space 63488K, 0% used [0x00000000d6e00000,0x00000000d6e00000,0x00000000dac00000)
  from space 5120K, 99% used [0x00000000db100000,0x00000000db5fc360,0x00000000db600000)
  to   space 5120K, 0% used [0x00000000dac00000,0x00000000dac00000,0x00000000db100000)
 ParOldGen       total 84992K, used 4103K [0x0000000084a00000, 0x0000000089d00000, 0x00000000d6e00000)
  object space 84992K, 4% used [0x0000000084a00000,0x0000000084e01da8,0x0000000089d00000)
 Metaspace       used 20296K, capacity 21076K, committed 21248K, reserved 1067008K
  class space    used 2743K, capacity 2953K, committed 3072K, reserved 1048576K
Event: 9,593 GC heap after
Heap after GC invocations=3 (full 1):
 PSYoungGen      total 68608K, used 0K [0x00000000d6e00000, 0x00000000db600000, 0x0000000100000000)
  eden space 63488K, 0% used [0x00000000d6e00000,0x00000000d6e00000,0x00000000dac00000)
  from space 5120K, 0% used [0x00000000db100000,0x00000000db100000,0x00000000db600000)
  to   space 5120K, 0% used [0x00000000dac00000,0x00000000dac00000,0x00000000db100000)
 ParOldGen       total 51200K, used 8984K [0x0000000084a00000, 0x0000000087c00000, 0x00000000d6e00000)
  object space 51200K, 17% used [0x0000000084a00000,0x00000000852c6200,0x0000000087c00000)
 Metaspace       used 20296K, capacity 21076K, committed 21248K, reserved 1067008K
  class space    used 2743K, capacity 2953K, committed 3072K, reserved 1048576K
}

